This file contains any messages produced by compilers while
running configure, to aid debugging if configure makes a mistake.

It was created by ocsp-client configure 1.0.2, which was
generated by GNU Autoconf 2.67.  Invocation command line was

  $ ./configure 

## --------- ##
## Platform. ##
## --------- ##

hostname = www.xuyubin.com
uname -m = x86_64
uname -r = 2.6.32-431.17.1.el6.x86_64
uname -s = Linux
uname -v = #1 SMP Wed May 7 23:32:49 UTC 2014

/usr/bin/uname -p = unknown
/bin/uname -X     = unknown

/bin/arch              = x86_64
/usr/bin/arch -k       = unknown
/usr/convex/getsysinfo = unknown
/usr/bin/hostinfo      = unknown
/bin/machine           = unknown
/usr/bin/oslevel       = unknown
/bin/universe          = unknown

PATH: /usr/lib64/qt-3.3/bin
PATH: /usr/local/sbin
PATH: /usr/local/bin
PATH: /sbin
PATH: /bin
PATH: /usr/sbin
PATH: /usr/bin
PATH: /root/bin


## ----------- ##
## Core tests. ##
## ----------- ##

configure:2297: checking for a BSD-compatible install
configure:2365: result: /usr/bin/install -c
configure:2376: checking whether build environment is sane
configure:2426: result: yes
configure:2567: checking for a thread-safe mkdir -p
configure:2606: result: /bin/mkdir -p
configure:2619: checking for gawk
configure:2635: found /bin/gawk
configure:2646: result: gawk
configure:2657: checking whether make sets $(MAKE)
configure:2679: result: yes
configure:2777: checking whether to enable maintainer-specific portions of Makefiles
configure:2786: result: no
configure:2813: checking for style of include used by make
configure:2841: result: GNU
configure:2911: checking for gcc
configure:2927: found /usr/bin/gcc
configure:2938: result: gcc
configure:3167: checking for C compiler version
configure:3176: gcc --version >&5
gcc (GCC) 4.4.7 20120313 (Red Hat 4.4.7-4)
Copyright (C) 2010 Free Software Foundation, Inc.
This is free software; see the source for copying conditions.  There is NO
warranty; not even for MERCHANTABILITY or FITNESS FOR A PARTICULAR PURPOSE.

configure:3187: $? = 0
configure:3176: gcc -v >&5
Using built-in specs.
Target: x86_64-redhat-linux
Configured with: ../configure --prefix=/usr --mandir=/usr/share/man --infodir=/usr/share/info --with-bugurl=http://bugzilla.redhat.com/bugzilla --enable-bootstrap --enable-shared --enable-threads=posix --enable-checking=release --with-system-zlib --enable-__cxa_atexit --disable-libunwind-exceptions --enable-gnu-unique-object --enable-languages=c,c++,objc,obj-c++,java,fortran,ada --enable-java-awt=gtk --disable-dssi --with-java-home=/usr/lib/jvm/java-1.5.0-gcj-1.5.0.0/jre --enable-libgcj-multifile --enable-java-maintainer-mode --with-ecj-jar=/usr/share/java/eclipse-ecj.jar --disable-libjava-multilib --with-ppl --with-cloog --with-tune=generic --with-arch_32=i686 --build=x86_64-redhat-linux
Thread model: posix
gcc version 4.4.7 20120313 (Red Hat 4.4.7-4) (GCC) 
configure:3187: $? = 0
configure:3176: gcc -V >&5
gcc: '-V' option must have argument
configure:3187: $? = 1
configure:3176: gcc -qversion >&5
gcc: unrecognized option '-qversion'
gcc: no input files
configure:3187: $? = 1
configure:3207: checking whether the C compiler works
configure:3229: gcc    conftest.c  >&5
configure:3233: $? = 0
configure:3281: result: yes
configure:3284: checking for C compiler default output file name
configure:3286: result: a.out
configure:3292: checking for suffix of executables
configure:3299: gcc -o conftest    conftest.c  >&5
configure:3303: $? = 0
configure:3325: result: 
configure:3347: checking whether we are cross compiling
configure:3355: gcc -o conftest    conftest.c  >&5
configure:3359: $? = 0
configure:3366: ./conftest
configure:3370: $? = 0
configure:3385: result: no
configure:3390: checking for suffix of object files
configure:3412: gcc -c   conftest.c >&5
configure:3416: $? = 0
configure:3437: result: o
configure:3441: checking whether we are using the GNU C compiler
configure:3460: gcc -c   conftest.c >&5
configure:3460: $? = 0
configure:3469: result: yes
configure:3478: checking whether gcc accepts -g
configure:3498: gcc -c -g  conftest.c >&5
configure:3498: $? = 0
configure:3539: result: yes
configure:3556: checking for gcc option to accept ISO C89
configure:3620: gcc  -c -g -O2  conftest.c >&5
configure:3620: $? = 0
configure:3633: result: none needed
configure:3655: checking dependency style of gcc
configure:3765: result: gcc3
configure:3784: checking whether gcc and cc understand -c and -o together
configure:3815: gcc -c conftest.c -o conftest2.o >&5
configure:3819: $? = 0
configure:3825: gcc -c conftest.c -o conftest2.o >&5
configure:3829: $? = 0
configure:3840: cc -c conftest.c >&5
configure:3844: $? = 0
configure:3852: cc -c conftest.c -o conftest2.o >&5
configure:3856: $? = 0
configure:3862: cc -c conftest.c -o conftest2.o >&5
configure:3866: $? = 0
configure:3884: result: yes
configure:3969: checking for g++
configure:3985: found /usr/bin/g++
configure:3996: result: g++
configure:4023: checking for C++ compiler version
configure:4032: g++ --version >&5
g++ (GCC) 4.4.7 20120313 (Red Hat 4.4.7-4)
Copyright (C) 2010 Free Software Foundation, Inc.
This is free software; see the source for copying conditions.  There is NO
warranty; not even for MERCHANTABILITY or FITNESS FOR A PARTICULAR PURPOSE.

configure:4043: $? = 0
configure:4032: g++ -v >&5
Using built-in specs.
Target: x86_64-redhat-linux
Configured with: ../configure --prefix=/usr --mandir=/usr/share/man --infodir=/usr/share/info --with-bugurl=http://bugzilla.redhat.com/bugzilla --enable-bootstrap --enable-shared --enable-threads=posix --enable-checking=release --with-system-zlib --enable-__cxa_atexit --disable-libunwind-exceptions --enable-gnu-unique-object --enable-languages=c,c++,objc,obj-c++,java,fortran,ada --enable-java-awt=gtk --disable-dssi --with-java-home=/usr/lib/jvm/java-1.5.0-gcj-1.5.0.0/jre --enable-libgcj-multifile --enable-java-maintainer-mode --with-ecj-jar=/usr/share/java/eclipse-ecj.jar --disable-libjava-multilib --with-ppl --with-cloog --with-tune=generic --with-arch_32=i686 --build=x86_64-redhat-linux
Thread model: posix
gcc version 4.4.7 20120313 (Red Hat 4.4.7-4) (GCC) 
configure:4043: $? = 0
configure:4032: g++ -V >&5
g++: '-V' option must have argument
configure:4043: $? = 1
configure:4032: g++ -qversion >&5
g++: unrecognized option '-qversion'
g++: no input files
configure:4043: $? = 1
configure:4047: checking whether we are using the GNU C++ compiler
configure:4066: g++ -c   conftest.cpp >&5
configure:4066: $? = 0
configure:4075: result: yes
configure:4084: checking whether g++ accepts -g
configure:4104: g++ -c -g  conftest.cpp >&5
configure:4104: $? = 0
configure:4145: result: yes
configure:4170: checking dependency style of g++
configure:4280: result: gcc3
configure:4296: checking whether make sets $(MAKE)
configure:4318: result: yes
configure:4327: checking whether ln -s works
configure:4331: result: yes
configure:4342: checking for pthread_mutex_init in -lpthread
configure:4367: gcc -o conftest -g -O2   conftest.c -lpthread   >&5
configure:4367: $? = 0
configure:4376: result: yes
configure:4390: checking for chmod
configure:4408: found /bin/chmod
configure:4420: result: /bin/chmod
configure:4430: checking for pwd
configure:4460: result: /home/rd1/ocspclient/ocsp-client-1.0.2
configure:4475: checking how to run the C preprocessor
configure:4506: gcc -E  conftest.c
configure:4506: $? = 0
configure:4520: gcc -E  conftest.c
conftest.c:12:28: error: ac_nonexistent.h: No such file or directory
configure:4520: $? = 1
configure: failed program was:
| /* confdefs.h */
| #define PACKAGE_NAME "ocsp-client"
| #define PACKAGE_TARNAME "ocsp-client"
| #define PACKAGE_VERSION "1.0.2"
| #define PACKAGE_STRING "ocsp-client 1.0.2"
| #define PACKAGE_BUGREPORT "jeff@wosign.com"
| #define PACKAGE_URL ""
| #define PACKAGE "ocsp-client"
| #define VERSION "1.0.2"
| #define HAVE_LIBPTHREAD 1
| /* end confdefs.h.  */
| #include <ac_nonexistent.h>
configure:4545: result: gcc -E
configure:4565: gcc -E  conftest.c
configure:4565: $? = 0
configure:4579: gcc -E  conftest.c
conftest.c:12:28: error: ac_nonexistent.h: No such file or directory
configure:4579: $? = 1
configure: failed program was:
| /* confdefs.h */
| #define PACKAGE_NAME "ocsp-client"
| #define PACKAGE_TARNAME "ocsp-client"
| #define PACKAGE_VERSION "1.0.2"
| #define PACKAGE_STRING "ocsp-client 1.0.2"
| #define PACKAGE_BUGREPORT "jeff@wosign.com"
| #define PACKAGE_URL ""
| #define PACKAGE "ocsp-client"
| #define VERSION "1.0.2"
| #define HAVE_LIBPTHREAD 1
| /* end confdefs.h.  */
| #include <ac_nonexistent.h>
configure:4608: checking for grep that handles long lines and -e
configure:4666: result: /bin/grep
configure:4671: checking for egrep
configure:4733: result: /bin/grep -E
configure:4738: checking for ANSI C header files
configure:4758: gcc -c -g -O2  conftest.c >&5
configure:4758: $? = 0
configure:4831: gcc -o conftest -g -O2   conftest.c -lpthread  >&5
configure:4831: $? = 0
configure:4831: ./conftest
configure:4831: $? = 0
configure:4842: result: yes
configure:4855: checking for sys/types.h
configure:4855: gcc -c -g -O2  conftest.c >&5
configure:4855: $? = 0
configure:4855: result: yes
configure:4855: checking for sys/stat.h
configure:4855: gcc -c -g -O2  conftest.c >&5
configure:4855: $? = 0
configure:4855: result: yes
configure:4855: checking for stdlib.h
configure:4855: gcc -c -g -O2  conftest.c >&5
configure:4855: $? = 0
configure:4855: result: yes
configure:4855: checking for string.h
configure:4855: gcc -c -g -O2  conftest.c >&5
configure:4855: $? = 0
configure:4855: result: yes
configure:4855: checking for memory.h
configure:4855: gcc -c -g -O2  conftest.c >&5
configure:4855: $? = 0
configure:4855: result: yes
configure:4855: checking for strings.h
configure:4855: gcc -c -g -O2  conftest.c >&5
configure:4855: $? = 0
configure:4855: result: yes
configure:4855: checking for inttypes.h
configure:4855: gcc -c -g -O2  conftest.c >&5
configure:4855: $? = 0
configure:4855: result: yes
configure:4855: checking for stdint.h
configure:4855: gcc -c -g -O2  conftest.c >&5
configure:4855: $? = 0
configure:4855: result: yes
configure:4855: checking for unistd.h
configure:4855: gcc -c -g -O2  conftest.c >&5
configure:4855: $? = 0
configure:4855: result: yes
configure:4870: checking arpa/inet.h usability
configure:4870: gcc -c -g -O2  conftest.c >&5
configure:4870: $? = 0
configure:4870: result: yes
configure:4870: checking arpa/inet.h presence
configure:4870: gcc -E  conftest.c
configure:4870: $? = 0
configure:4870: result: yes
configure:4870: checking for arpa/inet.h
configure:4870: result: yes
configure:4870: checking fcntl.h usability
configure:4870: gcc -c -g -O2  conftest.c >&5
configure:4870: $? = 0
configure:4870: result: yes
configure:4870: checking fcntl.h presence
configure:4870: gcc -E  conftest.c
configure:4870: $? = 0
configure:4870: result: yes
configure:4870: checking for fcntl.h
configure:4870: result: yes
configure:4870: checking netdb.h usability
configure:4870: gcc -c -g -O2  conftest.c >&5
configure:4870: $? = 0
configure:4870: result: yes
configure:4870: checking netdb.h presence
configure:4870: gcc -E  conftest.c
configure:4870: $? = 0
configure:4870: result: yes
configure:4870: checking for netdb.h
configure:4870: result: yes
configure:4870: checking netinet/in.h usability
configure:4870: gcc -c -g -O2  conftest.c >&5
configure:4870: $? = 0
configure:4870: result: yes
configure:4870: checking netinet/in.h presence
configure:4870: gcc -E  conftest.c
configure:4870: $? = 0
configure:4870: result: yes
configure:4870: checking for netinet/in.h
configure:4870: result: yes
configure:4870: checking for stdlib.h
configure:4870: result: yes
configure:4870: checking for string.h
configure:4870: result: yes
configure:4870: checking for strings.h
configure:4870: result: yes
configure:4870: checking sys/socket.h usability
configure:4870: gcc -c -g -O2  conftest.c >&5
configure:4870: $? = 0
configure:4870: result: yes
configure:4870: checking sys/socket.h presence
configure:4870: gcc -E  conftest.c
configure:4870: $? = 0
configure:4870: result: yes
configure:4870: checking for sys/socket.h
configure:4870: result: yes
configure:4870: checking for unistd.h
configure:4870: result: yes
configure:4886: checking for bash
configure:4917: result: /bin/sh
configure:4928: checking for pkg-config
configure:4944: found /usr/bin/pkg-config
configure:4956: result: yes
configure:4993: result: with openssl-prefix     :  
configure:5007: result: openssl lib dir         :  (default)
configure:5010: result: crypto package for token operations... OPENSSL
configure:5074: checking for pkg-config
configure:5092: found /usr/bin/pkg-config
configure:5104: result: /usr/bin/pkg-config
configure:5129: checking pkg-config is at least version 0.9.0
configure:5132: result: yes
configure:5142: checking for OPENSSL
configure:5149: $PKG_CONFIG --exists --print-errors "openssl >= $openssl_pkg_min_ver"
Package openssl was not found in the pkg-config search path.
Perhaps you should add the directory containing `openssl.pc'
to the PKG_CONFIG_PATH environment variable
No package 'openssl' found
configure:5152: $? = 1
configure:5165: $PKG_CONFIG --exists --print-errors "openssl >= $openssl_pkg_min_ver"
Package openssl was not found in the pkg-config search path.
Perhaps you should add the directory containing `openssl.pc'
to the PKG_CONFIG_PATH environment variable
No package 'openssl' found
configure:5168: $? = 1
configure:5181: result: no
No package 'openssl' found
configure:5197: result: good openssl not found via pkgconfig
configure:5382: result: OpenSSL Checking Path: /opt/local/lib64
configure:5397: result: OpenSSL Current Arch: .............. 64
configure:5406: result: OpenSSL Library Prefix: /opt/local
configure:5410: result: OpenSSL Checking Path: /opt/local/include/openssl/opensslv.h does not exists!
configure:5382: result: OpenSSL Checking Path: /lib64
configure:5397: result: OpenSSL Current Arch: .............. 64
configure:5406: result: OpenSSL Library Prefix: 
configure:5410: result: OpenSSL Checking Path: /include/openssl/opensslv.h does not exists!
configure:5382: result: OpenSSL Checking Path: /usr/lib64
configure:5397: result: OpenSSL Current Arch: .............. 64
configure:5406: result: OpenSSL Library Prefix: /usr
configure:5410: result: OpenSSL Checking Path: /usr/include/openssl/opensslv.h does not exists!
configure:5382: result: OpenSSL Checking Path: /usr/local/lib64
configure:5397: result: OpenSSL Current Arch: .............. 64
configure:5406: result: OpenSSL Library Prefix: /usr/local
configure:5416: result: Searching OpenSSL Version: /usr/local/include/openssl/opensslv.h
configure:5421: result: Detected Version: 10000 (required > 00908 )
configure:5425: result: OpenSSL Version 10000: Ok.
configure:5429: result: OpenSSL CFlags: -I/usr/local/include (0)
configure:5436: result: OpenSSL: Looking for  and 
configure:5382: result: OpenSSL Checking Path: /usr/local/ssl/lib64
configure:5397: result: OpenSSL Current Arch: .............. 64
configure:5406: result: OpenSSL Library Prefix: /usr/local/ssl
configure:5416: result: Searching OpenSSL Version: /usr/local/ssl/include/openssl/opensslv.h
configure:5421: result: Detected Version: 10000 (required > 00908 )
configure:5425: result: OpenSSL Version 10000: Ok.
configure:5429: result: OpenSSL CFlags: -I/usr/local/ssl/include (0)
configure:5436: result: OpenSSL: Looking for  and 
configure:5382: result: OpenSSL Checking Path: /opt/csw/lib
configure:5397: result: OpenSSL Current Arch: .............. 
configure:5406: result: OpenSSL Library Prefix: /opt/csw
configure:5410: result: OpenSSL Checking Path: /opt/csw/include/openssl/opensslv.h does not exists!
configure:5382: result: OpenSSL Checking Path: /opt/csw
configure:5397: result: OpenSSL Current Arch: .............. 64
configure:5406: result: OpenSSL Library Prefix: /opt/csw
configure:5410: result: OpenSSL Checking Path: /opt/csw/include/openssl/opensslv.h does not exists!
configure:5382: result: OpenSSL Checking Path: /usr/sfw/lib
configure:5397: result: OpenSSL Current Arch: .............. 
configure:5406: result: OpenSSL Library Prefix: /usr/sfw
configure:5410: result: OpenSSL Checking Path: /usr/sfw/include/openssl/opensslv.h does not exists!
configure:5382: result: OpenSSL Checking Path: /usr/local/openssl
configure:5397: result: OpenSSL Current Arch: .............. 64
configure:5406: result: OpenSSL Library Prefix: /usr/local/openssl
configure:5410: result: OpenSSL Checking Path: /usr/local/openssl/include/openssl/opensslv.h does not exists!
configure:5562: error: **** ERROR: Can not configure OPENSSL library ()!

## ---------------- ##
## Cache variables. ##
## ---------------- ##

ac_cv_c_compiler_gnu=yes
ac_cv_cxx_compiler_gnu=yes
ac_cv_env_CCC_set=
ac_cv_env_CCC_value=
ac_cv_env_CC_set=
ac_cv_env_CC_value=
ac_cv_env_CFLAGS_set=
ac_cv_env_CFLAGS_value=
ac_cv_env_CPPFLAGS_set=
ac_cv_env_CPPFLAGS_value=
ac_cv_env_CPP_set=
ac_cv_env_CPP_value=
ac_cv_env_CXXFLAGS_set=
ac_cv_env_CXXFLAGS_value=
ac_cv_env_CXX_set=
ac_cv_env_CXX_value=
ac_cv_env_LDFLAGS_set=
ac_cv_env_LDFLAGS_value=
ac_cv_env_LIBS_set=
ac_cv_env_LIBS_value=
ac_cv_env_OPENSSL_CFLAGS_set=
ac_cv_env_OPENSSL_CFLAGS_value=
ac_cv_env_OPENSSL_LIBS_set=
ac_cv_env_OPENSSL_LIBS_value=
ac_cv_env_PKG_CONFIG_LIBDIR_set=
ac_cv_env_PKG_CONFIG_LIBDIR_value=
ac_cv_env_PKG_CONFIG_PATH_set=
ac_cv_env_PKG_CONFIG_PATH_value=
ac_cv_env_PKG_CONFIG_set=
ac_cv_env_PKG_CONFIG_value=
ac_cv_env_build_alias_set=
ac_cv_env_build_alias_value=
ac_cv_env_host_alias_set=
ac_cv_env_host_alias_value=
ac_cv_env_target_alias_set=
ac_cv_env_target_alias_value=
ac_cv_header_arpa_inet_h=yes
ac_cv_header_fcntl_h=yes
ac_cv_header_inttypes_h=yes
ac_cv_header_memory_h=yes
ac_cv_header_netdb_h=yes
ac_cv_header_netinet_in_h=yes
ac_cv_header_stdc=yes
ac_cv_header_stdint_h=yes
ac_cv_header_stdlib_h=yes
ac_cv_header_string_h=yes
ac_cv_header_strings_h=yes
ac_cv_header_sys_socket_h=yes
ac_cv_header_sys_stat_h=yes
ac_cv_header_sys_types_h=yes
ac_cv_header_unistd_h=yes
ac_cv_lib_pthread_pthread_mutex_init=yes
ac_cv_objext=o
ac_cv_path_CHMOD=/bin/chmod
ac_cv_path_EGREP='/bin/grep -E'
ac_cv_path_GREP=/bin/grep
ac_cv_path_PWD=/home/rd1/ocspclient/ocsp-client-1.0.2
ac_cv_path_SHELL=/bin/sh
ac_cv_path_ac_pt_PKG_CONFIG=/usr/bin/pkg-config
ac_cv_path_install='/usr/bin/install -c'
ac_cv_path_mkdir=/bin/mkdir
ac_cv_prog_AWK=gawk
ac_cv_prog_CPP='gcc -E'
ac_cv_prog_HAS_PKGCONF=yes
ac_cv_prog_ac_ct_CC=gcc
ac_cv_prog_ac_ct_CXX=g++
ac_cv_prog_cc_c89=
ac_cv_prog_cc_g=yes
ac_cv_prog_cc_gcc_c_o=yes
ac_cv_prog_cxx_g=yes
ac_cv_prog_make_make_set=yes
am_cv_CC_dependencies_compiler_type=gcc3
am_cv_CXX_dependencies_compiler_type=gcc3
am_cv_prog_cc_stdc=

## ----------------- ##
## Output variables. ##
## ----------------- ##

ACLOCAL='${SHELL} /home/rd1/ocspclient/ocsp-client-1.0.2/build/missing --run aclocal-1.11'
AMDEPBACKSLASH='\'
AMDEP_FALSE='#'
AMDEP_TRUE=''
AMTAR='${SHELL} /home/rd1/ocspclient/ocsp-client-1.0.2/build/missing --run tar'
AUTOCONF='${SHELL} /home/rd1/ocspclient/ocsp-client-1.0.2/build/missing --run autoconf'
AUTOHEADER='${SHELL} /home/rd1/ocspclient/ocsp-client-1.0.2/build/missing --run autoheader'
AUTOMAKE='${SHELL} /home/rd1/ocspclient/ocsp-client-1.0.2/build/missing --run automake-1.11'
AWK='gawk'
CC='gcc'
CCDEPMODE='depmode=gcc3'
CFLAGS='-g -O2'
CHMOD='/bin/chmod'
CPP='gcc -E'
CPPFLAGS=''
CXX='g++'
CXXDEPMODE='depmode=gcc3'
CXXFLAGS='-g -O2'
CYGPATH_W='echo'
DEFS=''
DEPDIR='.deps'
DESTDIR=''
ECHO_C=''
ECHO_N='-n'
ECHO_T=''
EGREP='/bin/grep -E'
EXEEXT=''
GREP='/bin/grep'
HAS_PKGCONF='yes'
INSTALL_DATA='${INSTALL} -m 644'
INSTALL_PROGRAM='${INSTALL}'
INSTALL_SCRIPT='${INSTALL}'
INSTALL_STRIP_PROGRAM='$(install_sh) -c -s'
LDFLAGS=''
LIBOBJS=''
LIBS='-lpthread '
LN_S='ln -s'
LTLIBOBJS=''
MAINT='#'
MAINTAINER_MODE_FALSE=''
MAINTAINER_MODE_TRUE='#'
MAKEINFO='${SHELL} /home/rd1/ocspclient/ocsp-client-1.0.2/build/missing --run makeinfo'
MKDIR_P='/bin/mkdir -p'
OBJEXT='o'
OPENSSL_CFLAGS=''
OPENSSL_LIBS=''
PACKAGE='ocsp-client'
PACKAGE_BUGREPORT='jeff@wosign.com'
PACKAGE_NAME='ocsp-client'
PACKAGE_STRING='ocsp-client 1.0.2'
PACKAGE_TARNAME='ocsp-client'
PACKAGE_URL=''
PACKAGE_VERSION='1.0.2'
PATH_SEPARATOR=':'
PKG_CONFIG='/usr/bin/pkg-config'
PKG_CONFIG_LIBDIR=''
PKG_CONFIG_PATH=''
PWD='/home/rd1/ocspclient/ocsp-client-1.0.2'
SET_MAKE=''
SHELL='/bin/sh'
STRIP=''
VERSION='1.0.2'
ac_aux_dir='build'
ac_ct_CC='gcc'
ac_ct_CXX='g++'
am__EXEEXT_FALSE=''
am__EXEEXT_TRUE=''
am__fastdepCC_FALSE='#'
am__fastdepCC_TRUE=''
am__fastdepCXX_FALSE='#'
am__fastdepCXX_TRUE=''
am__include='include'
am__isrc=''
am__leading_dot='.'
am__quote=''
am__tar='${AMTAR} chof - "$$tardir"'
am__untar='${AMTAR} xf -'
bindir='${exec_prefix}/bin'
build_alias=''
datadir='${datarootdir}'
datarootdir='${prefix}/share'
docdir='${datarootdir}/doc/${PACKAGE_TARNAME}'
dvidir='${docdir}'
exec_prefix='NONE'
host_alias=''
htmldir='${docdir}'
includedir='${prefix}/include'
infodir='${datarootdir}/info'
install_sh='${SHELL} /home/rd1/ocspclient/ocsp-client-1.0.2/build/install-sh'
libdir='${exec_prefix}/lib'
libexecdir='${exec_prefix}/libexec'
localedir='${datarootdir}/locale'
localstatedir='${prefix}/var'
mandir='${datarootdir}/man'
mkdir_p='/bin/mkdir -p'
my_cflags=''
my_ldadd=''
my_ldflags=''
mybits='64'
oldincludedir='/usr/include'
openssl_cflags=''
openssl_ldadd='-lcrypto -lssl'
openssl_ldflags=''
openssl_prefix=''
openssl_static_libs=''
pdfdir='${docdir}'
prefix='/usr/local'
program_transform_name='s,x,x,'
psdir='${docdir}'
sbindir='${exec_prefix}/sbin'
sharedstatedir='${prefix}/com'
sysconfdir='${prefix}/etc'
target_alias=''

## ----------- ##
## confdefs.h. ##
## ----------- ##

/* confdefs.h */
#define PACKAGE_NAME "ocsp-client"
#define PACKAGE_TARNAME "ocsp-client"
#define PACKAGE_VERSION "1.0.2"
#define PACKAGE_STRING "ocsp-client 1.0.2"
#define PACKAGE_BUGREPORT "jeff@wosign.com"
#define PACKAGE_URL ""
#define PACKAGE "ocsp-client"
#define VERSION "1.0.2"
#define HAVE_LIBPTHREAD 1
#define STDC_HEADERS 1
#define HAVE_SYS_TYPES_H 1
#define HAVE_SYS_STAT_H 1
#define HAVE_STDLIB_H 1
#define HAVE_STRING_H 1
#define HAVE_MEMORY_H 1
#define HAVE_STRINGS_H 1
#define HAVE_INTTYPES_H 1
#define HAVE_STDINT_H 1
#define HAVE_UNISTD_H 1
#define HAVE_ARPA_INET_H 1
#define HAVE_FCNTL_H 1
#define HAVE_NETDB_H 1
#define HAVE_NETINET_IN_H 1
#define HAVE_STDLIB_H 1
#define HAVE_STRING_H 1
#define HAVE_STRINGS_H 1
#define HAVE_SYS_SOCKET_H 1
#define HAVE_UNISTD_H 1
#define ENABLE_OPENSSL 1

configure: exit 1
